Build started 2014/5/15 12:27:13.
     1>Project "D:\MyProj\VisualC\KeyboardHook\LowLevelKeyboardHook\LowLevelKeyboardHook.vcxproj" on node 2 (build target(s)).
     1>InitializeBuildStatus:
         Creating "Release\LowLevelKeyboardHook.unsuccessfulbuild" because "AlwaysCreate" was specified.
       ClCompile:
         C:\Program Files (x86)\Microsoft Visual Studio 10.0\VC\bin\CL.exe /c /Zi /nologo /W3 /WX- /O2 /Oi /Oy- /GL /D WIN32 /D NDEBUG /D _CONSOLE /D _UNICODE /D UNICODE /Gm- /EHsc /MD /GS /Gy /fp:precise /Zc:wchar_t /Zc:forScope /Fo"Release\\" /Fd"Release\vc100.pdb" /Gd /TP /analyze- /errorReport:prompt main.cpp
         main.cpp
     1>main.cpp(44): warning C4065: switch statement contains 'default' but no 'case' labels
       Link:
         C:\Program Files (x86)\Microsoft Visual Studio 10.0\VC\bin\link.exe /ERRORREPORT:PROMPT /OUT:"D:\MyProj\VisualC\KeyboardHook\Release\LowLevelKeyboardHook.exe" /INCREMENTAL:NO /NOLOGO kernel32.lib user32.lib gdi32.lib winspool.lib comdlg32.lib advapi32.lib shell32.lib ole32.lib oleaut32.lib uuid.lib odbc32.lib odbccp32.lib /MANIFEST /ManifestFile:"Release\LowLevelKeyboardHook.exe.intermediate.manifest" /MANIFESTUAC:"level='asInvoker' uiAccess='false'" /DEBUG /PDB:"D:\MyProj\VisualC\KeyboardHook\Release\LowLevelKeyboardHook.pdb" /SUBSYSTEM:CONSOLE /OPT:REF /OPT:ICF /LTCG /TLBID:1 /DYNAMICBASE /NXCOMPAT /IMPLIB:"D:\MyProj\VisualC\KeyboardHook\Release\LowLevelKeyboardHook.lib" /MACHINE:X86 Release\main.obj
         Generating code
         Finished generating code
         LowLevelKeyboardHook.vcxproj -> D:\MyProj\VisualC\KeyboardHook\Release\LowLevelKeyboardHook.exe
       Manifest:
         C:\Program Files (x86)\Microsoft SDKs\Windows\v7.0A\bin\mt.exe /nologo /verbose /outputresource:"D:\MyProj\VisualC\KeyboardHook\Release\LowLevelKeyboardHook.exe;#1" /manifest Release\LowLevelKeyboardHook.exe.intermediate.manifest
       FinalizeBuildStatus:
         Deleting file "Release\LowLevelKeyboardHook.unsuccessfulbuild".
         Touching "Release\LowLevelKeyboardHook.lastbuildstate".
     1>Done Building Project "D:\MyProj\VisualC\KeyboardHook\LowLevelKeyboardHook\LowLevelKeyboardHook.vcxproj" (build target(s)).

Build succeeded.

Time Elapsed 00:00:00.55
