Build started 2014/5/15 12:00:11.
     1>Project "D:\MyProj\VisualC\KeyboardHookDLL\KeyboardHookDLL\KeyboardHookDLL.vcxproj" on node 2 (build target(s)).
     1>InitializeBuildStatus:
         Touching "Debug\KeyboardHookDLL.unsuccessfulbuild".
       ClCompile:
         All outputs are up-to-date.
         C:\Program Files (x86)\Microsoft Visual Studio 10.0\VC\bin\CL.exe /c /ZI /nologo /W3 /WX- /Od /Oy- /D _WINDLL /D _MBCS /Gm /EHsc /RTC1 /MDd /GS /fp:precise /Zc:wchar_t /Zc:forScope /Fo"Debug\\" /Fd"Debug\vc100.pdb" /Gd /TP /analyze- /errorReport:prompt KeyboardDLL.cpp StdAfx.cpp
         StdAfx.cpp
         KeyboardDLL.cpp
         Generating Code...
       Link:
         C:\Program Files (x86)\Microsoft Visual Studio 10.0\VC\bin\link.exe /ERRORREPORT:PROMPT /OUT:"D:\MyProj\VisualC\KeyboardHookDLL\Debug\KeyboardHookDLL.dll" /NOLOGO kernel32.lib user32.lib gdi32.lib winspool.lib comdlg32.lib advapi32.lib shell32.lib ole32.lib oleaut32.lib uuid.lib odbc32.lib odbccp32.lib /MANIFEST /ManifestFile:"Debug\KeyboardHookDLL.dll.intermediate.manifest" /MANIFESTUAC:"level='asInvoker' uiAccess='false'" /DEBUG /PDB:"D:\MyProj\VisualC\KeyboardHookDLL\Debug\KeyboardHookDLL.pdb" /TLBID:1 /DYNAMICBASE /NXCOMPAT /IMPLIB:"D:\MyProj\VisualC\KeyboardHookDLL\Debug\KeyboardHookDLL.lib" /MACHINE:X86 /DLL Debug\KeyboardDLL.obj
         Debug\StdAfx.obj
            Creating library D:\MyProj\VisualC\KeyboardHookDLL\Debug\KeyboardHookDLL.lib and object D:\MyProj\VisualC\KeyboardHookDLL\Debug\KeyboardHookDLL.exp
         KeyboardHookDLL.vcxproj -> D:\MyProj\VisualC\KeyboardHookDLL\Debug\KeyboardHookDLL.dll
       Manifest:
         C:\Program Files (x86)\Microsoft SDKs\Windows\v7.0A\bin\mt.exe /nologo /verbose /outputresource:"D:\MyProj\VisualC\KeyboardHookDLL\Debug\KeyboardHookDLL.dll;#2" /manifest Debug\KeyboardHookDLL.dll.intermediate.manifest
       FinalizeBuildStatus:
         Deleting file "Debug\KeyboardHookDLL.unsuccessfulbuild".
         Touching "Debug\KeyboardHookDLL.lastbuildstate".
     1>Done Building Project "D:\MyProj\VisualC\KeyboardHookDLL\KeyboardHookDLL\KeyboardHookDLL.vcxproj" (build target(s)).

Build succeeded.

Time Elapsed 00:00:00.83
