Build started 2014/5/15 12:22:13.
     1>Project "D:\MyProj\VisualC\KeyboardHook\KeyboardHookDLL\KeyboardHookDLL.vcxproj" on node 2 (build target(s)).
     1>InitializeBuildStatus:
         Creating "Release\KeyboardHookDLL.unsuccessfulbuild" because "AlwaysCreate" was specified.
       ClCompile:
         C:\Program Files (x86)\Microsoft Visual Studio 10.0\VC\bin\CL.exe /c /Zi /nologo /W3 /WX- /O2 /Oi /Oy- /GL /D _WINDLL /D _MBCS /Gm- /EHsc /MD /GS /Gy /fp:precise /Zc:wchar_t /Zc:forScope /Fo"Release\\" /Fd"Release\vc100.pdb" /Gd /TP /analyze- /errorReport:prompt KeyboardDLL.cpp StdAfx.cpp
         KeyboardDLL.cpp
         StdAfx.cpp
       Link:
         C:\Program Files (x86)\Microsoft Visual Studio 10.0\VC\bin\link.exe /ERRORREPORT:PROMPT /OUT:"D:\MyProj\VisualC\KeyboardHook\Release\KeyboardHookDLL.dll" /NOLOGO kernel32.lib user32.lib gdi32.lib winspool.lib comdlg32.lib advapi32.lib shell32.lib ole32.lib oleaut32.lib uuid.lib odbc32.lib odbccp32.lib /MANIFEST /ManifestFile:"Release\KeyboardHookDLL.dll.intermediate.manifest" /MANIFESTUAC:"level='asInvoker' uiAccess='false'" /DEBUG /PDB:"D:\MyProj\VisualC\KeyboardHook\Release\KeyboardHookDLL.pdb" /OPT:REF /OPT:ICF /LTCG /TLBID:1 /DYNAMICBASE /NXCOMPAT /IMPLIB:"D:\MyProj\VisualC\KeyboardHook\Release\KeyboardHookDLL.lib" /MACHINE:X86 /DLL Release\KeyboardDLL.obj
         Release\StdAfx.obj
            Creating library D:\MyProj\VisualC\KeyboardHook\Release\KeyboardHookDLL.lib and object D:\MyProj\VisualC\KeyboardHook\Release\KeyboardHookDLL.exp
         Generating code
         Finished generating code
         KeyboardHookDLL.vcxproj -> D:\MyProj\VisualC\KeyboardHook\Release\KeyboardHookDLL.dll
       Manifest:
         C:\Program Files (x86)\Microsoft SDKs\Windows\v7.0A\bin\mt.exe /nologo /verbose /outputresource:"D:\MyProj\VisualC\KeyboardHook\Release\KeyboardHookDLL.dll;#2" /manifest Release\KeyboardHookDLL.dll.intermediate.manifest
       FinalizeBuildStatus:
         Deleting file "Release\KeyboardHookDLL.unsuccessfulbuild".
         Touching "Release\KeyboardHookDLL.lastbuildstate".
     1>Done Building Project "D:\MyProj\VisualC\KeyboardHook\KeyboardHookDLL\KeyboardHookDLL.vcxproj" (build target(s)).

Build succeeded.

Time Elapsed 00:00:00.48
